<?xml version="1.0" encoding="UTF-8"?>
<testng-results ignored="0" total="3" passed="3" failed="0" skipped="0">
  <reporter-output>
  </reporter-output>
  <suite started-at="2022-07-20T12:55:47 IST" name="Default suite" finished-at="2022-07-20T12:56:05 IST" duration-ms="17566">
    <groups>
      <group name="cucumber">
        <method signature="AbstractTestNGCucumberTests.runScenario(io.cucumber.testng.PickleWrapper,io.cucumber.testng.FeatureWrapper)[pri:0, instance:TestRunner.TestRunner1@6c65860d]" name="runScenario" class="io.cucumber.testng.AbstractTestNGCucumberTests"/>
      </group> <!-- cucumber -->
    </groups>
    <test started-at="2022-07-20T12:55:47 IST" name="Default test" finished-at="2022-07-20T12:56:05 IST" duration-ms="17566">
      <class name="TestRunner.TestRunner1">
        <test-method is-config="true" signature="setUpClass(org.testng.ITestContext)[pri:0, instance:TestRunner.TestRunner1@6c65860d]" started-at="2022-07-20T12:55:47 IST" name="setUpClass" finished-at="2022-07-20T12:55:48 IST" duration-ms="940" status="PASS">
          <params>
            <param index="0">
              <value>
                <![CDATA[org.testng.TestRunner@634de03e]]>
              </value>
            </param>
          </params>
          <reporter-output>
          </reporter-output>
        </test-method> <!-- setUpClass -->
        <test-method signature="runScenario(io.cucumber.testng.PickleWrapper,io.cucumber.testng.FeatureWrapper)[pri:0, instance:TestRunner.TestRunner1@6c65860d]" started-at="2022-07-20T12:55:48 IST" name="runScenario" description="Runs Cucumber Scenarios" data-provider="scenarios" finished-at="2022-07-20T12:55:58 IST" duration-ms="9805" status="PASS">
          <params>
            <param index="0">
              <value>
                <![CDATA["To validate that user is able to login the website using valid username and password"]]>
              </value>
            </param>
            <param index="1">
              <value>
                <![CDATA["To verify the fuctionality on a login page"]]>
              </value>
            </param>
          </params>
          <reporter-output>
          </reporter-output>
        </test-method> <!-- runScenario -->
        <test-method signature="runScenario(io.cucumber.testng.PickleWrapper,io.cucumber.testng.FeatureWrapper)[pri:0, instance:TestRunner.TestRunner1@6c65860d]" started-at="2022-07-20T12:55:58 IST" name="runScenario" description="Runs Cucumber Scenarios" data-provider="scenarios" finished-at="2022-07-20T12:56:03 IST" duration-ms="4228" status="PASS">
          <params>
            <param index="0">
              <value>
                <![CDATA["To validate that user is able to login the website using valid username and password"]]>
              </value>
            </param>
            <param index="1">
              <value>
                <![CDATA["To verify the fuctionality on a login page"]]>
              </value>
            </param>
          </params>
          <reporter-output>
          </reporter-output>
        </test-method> <!-- runScenario -->
        <test-method signature="runScenario(io.cucumber.testng.PickleWrapper,io.cucumber.testng.FeatureWrapper)[pri:0, instance:TestRunner.TestRunner1@6c65860d]" started-at="2022-07-20T12:56:03 IST" name="runScenario" description="Runs Cucumber Scenarios" data-provider="scenarios" finished-at="2022-07-20T12:56:05 IST" duration-ms="2351" status="PASS">
          <params>
            <param index="0">
              <value>
                <![CDATA["To validate that all the product displayed properly"]]>
              </value>
            </param>
            <param index="1">
              <value>
                <![CDATA["To verify the fuctionality on a login page"]]>
              </value>
            </param>
          </params>
          <reporter-output>
          </reporter-output>
        </test-method> <!-- runScenario -->
        <test-method is-config="true" signature="tearDownClass()[pri:0, instance:TestRunner.TestRunner1@6c65860d]" started-at="2022-07-20T12:56:05 IST" name="tearDownClass" finished-at="2022-07-20T12:56:05 IST" duration-ms="119" status="PASS">
          <reporter-output>
          </reporter-output>
        </test-method> <!-- tearDownClass -->
      </class> <!-- TestRunner.TestRunner1 -->
    </test> <!-- Default test -->
  </suite> <!-- Default suite -->
</testng-results>
